
Status: PASSED!
Check: 1
Test: Input / output, test 1
Reason: None
Timestamp: 2024-10-23 02:26:16.721654

Status: PASSED!
Check: 2
Test: Input / output, test 2
Reason: None
Timestamp: 2024-10-23 02:26:16.744458

Status: FAILED!
Check: 3
Test: Input / output, test 3
Reason: Unable to find '["There are 8 occurrences of 'said' in the sentence"]' in the program's output.
Type a sentence: Word to look for in sentence: There are 7 occurrences of 'said' in the sentence.
.
Error : AssertionError - Unable to find There are 8 occurrences of 'said' in the sentence in the program's output.
Timestamp: 2024-10-23 02:26:16.767048
