
Status: FAILED!
Check: 1
Test: The speed in miles per hour.
Reason: Unable to find '['The speed in miles per hour is', '20.0']' in the program's output.
The speed in feet per second is 29.333333333333332
The speed in knots is: 17.37951650185092
the speed in miles per hour is 20.0
.
Error : AssertionError - Unable to find The speed in miles per hour is in the program's output.
Timestamp: 2024-10-22 01:45:13.164981
